mode: set
github.com/tsawler/bookings-app/cmd/web/main.go:28.13,31.16 2 0
github.com/tsawler/bookings-app/cmd/web/main.go:31.16,33.3 1 0
github.com/tsawler/bookings-app/cmd/web/main.go:34.2,49.16 8 0
github.com/tsawler/bookings-app/cmd/web/main.go:49.16,51.3 1 0
github.com/tsawler/bookings-app/cmd/web/main.go:54.32,85.16 21 1
github.com/tsawler/bookings-app/cmd/web/main.go:85.16,87.3 1 0
github.com/tsawler/bookings-app/cmd/web/main.go:88.2,91.16 3 1
github.com/tsawler/bookings-app/cmd/web/main.go:91.16,94.3 2 0
github.com/tsawler/bookings-app/cmd/web/main.go:96.2,105.16 7 1
github.com/tsawler/bookings-app/cmd/web/middleware.go:11.45,21.2 3 1
github.com/tsawler/bookings-app/cmd/web/middleware.go:24.50,26.2 1 1
github.com/tsawler/bookings-app/cmd/web/middleware.go:28.43,29.71 1 0
github.com/tsawler/bookings-app/cmd/web/middleware.go:29.71,30.34 1 0
github.com/tsawler/bookings-app/cmd/web/middleware.go:30.34,34.4 3 0
github.com/tsawler/bookings-app/cmd/web/middleware.go:35.3,35.23 1 0
github.com/tsawler/bookings-app/cmd/web/routes.go:12.49,41.43 23 1
github.com/tsawler/bookings-app/cmd/web/routes.go:41.43,54.3 9 1
github.com/tsawler/bookings-app/cmd/web/routes.go:55.2,55.12 1 1
github.com/tsawler/bookings-app/cmd/web/send-mail.go:14.22,15.12 1 0
github.com/tsawler/bookings-app/cmd/web/send-mail.go:15.12,16.7 1 0
github.com/tsawler/bookings-app/cmd/web/send-mail.go:16.7,19.4 2 0
github.com/tsawler/bookings-app/cmd/web/send-mail.go:24.33,33.16 8 0
github.com/tsawler/bookings-app/cmd/web/send-mail.go:33.16,35.3 1 0
github.com/tsawler/bookings-app/cmd/web/send-mail.go:37.2,39.22 3 0
github.com/tsawler/bookings-app/cmd/web/send-mail.go:39.22,41.3 1 0
github.com/tsawler/bookings-app/cmd/web/send-mail.go:41.8,43.17 2 0
github.com/tsawler/bookings-app/cmd/web/send-mail.go:43.17,45.4 1 0
github.com/tsawler/bookings-app/cmd/web/send-mail.go:47.3,49.42 3 0
github.com/tsawler/bookings-app/cmd/web/send-mail.go:52.2,53.16 2 0
github.com/tsawler/bookings-app/cmd/web/send-mail.go:53.16,55.3 1 0
github.com/tsawler/bookings-app/cmd/web/send-mail.go:55.8,57.3 1 0
